Determining if the pthread_create exist failed with the following output:
Change Dir: /home/easyboard/lon_tools/mqtt1110/mqttclient-master/build/CMakeFiles/CMakeTmp

Run Build Command:"/usr/bin/make" "cmTC_20c8d/fast"
/usr/bin/make -f CMakeFiles/cmTC_20c8d.dir/build.make CMakeFiles/cmTC_20c8d.dir/build
make[1]: 进入目录“/home/easyboard/lon_tools/mqtt1110/mqttclient-master/build/CMakeFiles/CMakeTmp”
Building C object CMakeFiles/cmTC_20c8d.dir/CheckSymbolExists.c.o
/usr/bin/gcc   -fms-extensions    -o CMakeFiles/cmTC_20c8d.dir/CheckSymbolExists.c.o   -c /home/easyboard/lon_tools/mqtt1110/mqttclient-master/build/CMakeFiles/CMakeTmp/CheckSymbolExists.c
Linking C executable cmTC_20c8d
/usr/bin/cmake -E cmake_link_script CMakeFiles/cmTC_20c8d.dir/link.txt --verbose=1
/usr/bin/gcc -fms-extensions     -rdynamic CMakeFiles/cmTC_20c8d.dir/CheckSymbolExists.c.o  -o cmTC_20c8d 
CMakeFiles/cmTC_20c8d.dir/CheckSymbolExists.c.o：在函数‘main’中：
CheckSymbolExists.c:(.text+0x1b)：对‘pthread_create’未定义的引用
collect2: error: ld returned 1 exit status
CMakeFiles/cmTC_20c8d.dir/build.make:97: recipe for target 'cmTC_20c8d' failed
make[1]: *** [cmTC_20c8d] Error 1
make[1]: 离开目录“/home/easyboard/lon_tools/mqtt1110/mqttclient-master/build/CMakeFiles/CMakeTmp”
Makefile:126: recipe for target 'cmTC_20c8d/fast' failed
make: *** [cmTC_20c8d/fast] Error 2

File /home/easyboard/lon_tools/mqtt1110/mqttclient-master/build/CMakeFiles/CMakeTmp/CheckSymbolExists.c:
/* */
#include <pthread.h>

int main(int argc, char** argv)
{
  (void)argv;
#ifndef pthread_create
  return ((int*)(&pthread_create))[argc];
#else
  (void)argc;
  return 0;
#endif
}

Determining if the function pthread_create exists in the pthreads failed with the following output:
Change Dir: /home/easyboard/lon_tools/mqtt1110/mqttclient-master/build/CMakeFiles/CMakeTmp

Run Build Command:"/usr/bin/make" "cmTC_9af6d/fast"
/usr/bin/make -f CMakeFiles/cmTC_9af6d.dir/build.make CMakeFiles/cmTC_9af6d.dir/build
make[1]: 进入目录“/home/easyboard/lon_tools/mqtt1110/mqttclient-master/build/CMakeFiles/CMakeTmp”
Building C object CMakeFiles/cmTC_9af6d.dir/CheckFunctionExists.c.o
/usr/bin/gcc   -fms-extensions -DCHECK_FUNCTION_EXISTS=pthread_create   -o CMakeFiles/cmTC_9af6d.dir/CheckFunctionExists.c.o   -c /usr/share/cmake-3.10/Modules/CheckFunctionExists.c
Linking C executable cmTC_9af6d
/usr/bin/cmake -E cmake_link_script CMakeFiles/cmTC_9af6d.dir/link.txt --verbose=1
/usr/bin/gcc -fms-extensions -DCHECK_FUNCTION_EXISTS=pthread_create    -rdynamic CMakeFiles/cmTC_9af6d.dir/CheckFunctionExists.c.o  -o cmTC_9af6d -lpthreads 
/usr/bin/ld: 找不到 -lpthreads
collect2: error: ld returned 1 exit status
CMakeFiles/cmTC_9af6d.dir/build.make:97: recipe for target 'cmTC_9af6d' failed
make[1]: *** [cmTC_9af6d] Error 1
make[1]: 离开目录“/home/easyboard/lon_tools/mqtt1110/mqttclient-master/build/CMakeFiles/CMakeTmp”
Makefile:126: recipe for target 'cmTC_9af6d/fast' failed
make: *** [cmTC_9af6d/fast] Error 2


